  stdafx.cpp
  action.cpp
  animation.cpp
  battle.cpp
  bullets.cpp
c:\users\k8463\source\repos\uzeonup\test\bullets.cpp(39): warning C4244: '=': 'int'에서 'float'(으)로 변환하면서 데이터가 손실될 수 있습니다.
c:\users\k8463\source\repos\uzeonup\test\bullets.cpp(44): warning C4244: '인수': 'float'에서 'int'(으)로 변환하면서 데이터가 손실될 수 있습니다.
c:\users\k8463\source\repos\uzeonup\test\bullets.cpp(59): warning C4244: '인수': 'float'에서 'int'(으)로 변환하면서 데이터가 손실될 수 있습니다.
c:\users\k8463\source\repos\uzeonup\test\bullets.cpp(129): warning C4244: '인수': 'float'에서 'int'(으)로 변환하면서 데이터가 손실될 수 있습니다.
c:\users\k8463\source\repos\uzeonup\test\bullets.cpp(145): warning C4244: '인수': 'float'에서 'int'(으)로 변환하면서 데이터가 손실될 수 있습니다.
c:\users\k8463\source\repos\uzeonup\test\bullets.cpp(217): warning C4244: '인수': 'float'에서 'int'(으)로 변환하면서 데이터가 손실될 수 있습니다.
c:\users\k8463\source\repos\uzeonup\test\bullets.cpp(229): warning C4244: '인수': 'float'에서 'int'(으)로 변환하면서 데이터가 손실될 수 있습니다.
  button.cpp
c:\users\k8463\source\repos\uzeonup\test\button.cpp(20): warning C4244: '=': 'int'에서 'float'(으)로 변환하면서 데이터가 손실될 수 있습니다.
c:\users\k8463\source\repos\uzeonup\test\button.cpp(21): warning C4244: '=': 'int'에서 'float'(으)로 변환하면서 데이터가 손실될 수 있습니다.
  effect.cpp
  effectManager.cpp
  gameNode.cpp
c:\users\k8463\source\repos\uzeonup\test\gamenode.cpp(98): warning C4244: '=': 'float'에서 'LONG'(으)로 변환하면서 데이터가 손실될 수 있습니다.
c:\users\k8463\source\repos\uzeonup\test\gamenode.cpp(99): warning C4244: '=': 'float'에서 'LONG'(으)로 변환하면서 데이터가 손실될 수 있습니다.
c:\users\k8463\source\repos\uzeonup\test\gamenode.cpp(90): warning C4101: 'hdc' :참조되지 않은 지역 변수입니다.
c:\users\k8463\source\repos\uzeonup\test\gamenode.cpp(89): warning C4101: 'ps' :참조되지 않은 지역 변수입니다.
  image.cpp
c:\users\k8463\source\repos\uzeonup\test\image.cpp(75): warning C4267: '초기화 중': 'size_t'에서 'int'(으)로 변환하면서 데이터가 손실될 수 있습니다.
c:\users\k8463\source\repos\uzeonup\test\image.cpp(133): warning C4267: '초기화 중': 'size_t'에서 'int'(으)로 변환하면서 데이터가 손실될 수 있습니다.
c:\users\k8463\source\repos\uzeonup\test\image.cpp(189): warning C4267: '초기화 중': 'size_t'에서 'int'(으)로 변환하면서 데이터가 손실될 수 있습니다.
c:\users\k8463\source\repos\uzeonup\test\image.cpp(263): warning C4244: '인수': 'float'에서 'int'(으)로 변환하면서 데이터가 손실될 수 있습니다.
c:\users\k8463\source\repos\uzeonup\test\image.cpp(262): warning C4244: '인수': 'float'에서 'int'(으)로 변환하면서 데이터가 손실될 수 있습니다.
c:\users\k8463\source\repos\uzeonup\test\image.cpp(279): warning C4244: '인수': 'float'에서 'int'(으)로 변환하면서 데이터가 손실될 수 있습니다.
c:\users\k8463\source\repos\uzeonup\test\image.cpp(278): warning C4244: '인수': 'float'에서 'int'(으)로 변환하면서 데이터가 손실될 수 있습니다.
c:\users\k8463\source\repos\uzeonup\test\image.cpp(504): warning C4244: '인수': 'float'에서 'int'(으)로 변환하면서 데이터가 손실될 수 있습니다.
c:\users\k8463\source\repos\uzeonup\test\image.cpp(512): warning C4244: '인수': 'float'에서 'int'(으)로 변환하면서 데이터가 손실될 수 있습니다.
c:\users\k8463\source\repos\uzeonup\test\image.cpp(517): warning C4244: '인수': 'float'에서 'int'(으)로 변환하면서 데이터가 손실될 수 있습니다.
  imageManager.cpp
  keyAniManager.cpp
  keyManager.cpp
  knight.cpp
c:\users\k8463\source\repos\uzeonup\test\knight.cpp(23): warning C4244: '인수': 'float'에서 'int'(으)로 변환하면서 데이터가 손실될 수 있습니다.
c:\users\k8463\source\repos\uzeonup\test\knight.cpp(102): warning C4244: '인수': 'float'에서 'int'(으)로 변환하면서 데이터가 손실될 수 있습니다.
c:\users\k8463\source\repos\uzeonup\test\knight.cpp(107): warning C4244: '인수': 'float'에서 'int'(으)로 변환하면서 데이터가 손실될 수 있습니다.
  knightScene.cpp
  playGround.cpp
  progressBar.cpp
c:\users\k8463\source\repos\uzeonup\test\progressbar.cpp(15): warning C4244: '=': 'int'에서 'float'(으)로 변환하면서 데이터가 손실될 수 있습니다.
c:\users\k8463\source\repos\uzeonup\test\progressbar.cpp(42): warning C4244: '인수': 'float'에서 'int'(으)로 변환하면서 데이터가 손실될 수 있습니다.
  sceneManager.cpp
  selectScene.cpp
  ship.cpp
c:\users\k8463\source\repos\uzeonup\test\ship.cpp(18): warning C4244: '=': 'int'에서 'float'(으)로 변환하면서 데이터가 손실될 수 있습니다.
c:\users\k8463\source\repos\uzeonup\test\ship.cpp(19): warning C4244: '=': 'int'에서 'float'(으)로 변환하면서 데이터가 손실될 수 있습니다.
c:\users\k8463\source\repos\uzeonup\test\ship.cpp(23): warning C4244: '인수': 'float'에서 'int'(으)로 변환하면서 데이터가 손실될 수 있습니다.
c:\users\k8463\source\repos\uzeonup\test\ship.cpp(26): warning C4244: '=': 'int'에서 'float'(으)로 변환하면서 데이터가 손실될 수 있습니다.
c:\users\k8463\source\repos\uzeonup\test\ship.cpp(53): warning C4267: '인수': 'size_t'에서 'int'(으)로 변환하면서 데이터가 손실될 수 있습니다.
c:\users\k8463\source\repos\uzeonup\test\ship.cpp(100): warning C4244: '인수': 'float'에서 'int'(으)로 변환하면서 데이터가 손실될 수 있습니다.
  soundManager.cpp
  코드를 생성하고 있습니다...
  컴파일하고 있습니다...
  starScene.cpp
c:\users\k8463\source\repos\uzeonup\test\starscene.cpp(48): warning C4244: '인수': 'float'에서 'int'(으)로 변환하면서 데이터가 손실될 수 있습니다.
  timeManager.cpp
c:\users\k8463\source\repos\uzeonup\test\timemanager.cpp(57): warning C4267: '인수': 'size_t'에서 'int'(으)로 변환하면서 데이터가 손실될 수 있습니다.
c:\users\k8463\source\repos\uzeonup\test\timemanager.cpp(61): warning C4267: '인수': 'size_t'에서 'int'(으)로 변환하면서 데이터가 손실될 수 있습니다.
c:\users\k8463\source\repos\uzeonup\test\timemanager.cpp(65): warning C4267: '인수': 'size_t'에서 'int'(으)로 변환하면서 데이터가 손실될 수 있습니다.
  timer.cpp
  txtData.cpp
  utils.cpp
  winMain.cpp
c:\users\k8463\source\repos\uzeonup\test\winmain.cpp(91): warning C4244: 'return': 'WPARAM'에서 'int'(으)로 변환하면서 데이터가 손실될 수 있습니다.
  코드를 생성하고 있습니다...
c:\users\k8463\source\repos\uzeonup\test\txtdata.cpp(51): warning C4172: 지역 변수 또는 임시: str의 주소를 반환하고 있습니다.
  windowAPI.vcxproj -> C:\Users\k8463\source\repos\UZEONUP\TEST\x64\Debug\windowAPI.exe
